  Determining projects to restore...
  All projects are up-to-date for restore.
  TafsilkPlatform.Models -> c:\Users\ahmed\source\repos\AhmedTyson\Tafsilk\TafsilkPlatform\TafsilkPlatform.Web\TafsilkPlatform.Models\bin\Debug\net9.0\TafsilkPlatform.Models.dll
  TafsilkPlatform.Utility -> c:\Users\ahmed\source\repos\AhmedTyson\Tafsilk\TafsilkPlatform\TafsilkPlatform.Web\TafsilkPlatform.Utility\bin\Debug\net9.0\TafsilkPlatform.Utility.dll
c:\Users\ahmed\source\repos\AhmedTyson\Tafsilk\TafsilkPlatform\TafsilkPlatform.Web\TafsilkPlatform.DataAccess\Data\ApplicationDbContext.cs(92,30): warning CS8600: Converting null literal or possible null value to non-nullable type. [c:\Users\ahmed\source\repos\AhmedTyson\Tafsilk\TafsilkPlatform\TafsilkPlatform.Web\TafsilkPlatform.DataAccess\TafsilkPlatform.DataAccess.csproj]
  TafsilkPlatform.DataAccess -> c:\Users\ahmed\source\repos\AhmedTyson\Tafsilk\TafsilkPlatform\TafsilkPlatform.Web\TafsilkPlatform.DataAccess\bin\Debug\net9.0\TafsilkPlatform.DataAccess.dll
c:\Users\ahmed\source\repos\AhmedTyson\Tafsilk\TafsilkPlatform\TafsilkPlatform.Web\Controllers\AccountController.cs(759,35): error CS1003: Syntax error, 'switch' expected [c:\Users\ahmed\source\repos\AhmedTyson\Tafsilk\TafsilkPlatform\TafsilkPlatform.Web\TafsilkPlatform.Web.csproj]
c:\Users\ahmed\source\repos\AhmedTyson\Tafsilk\TafsilkPlatform\TafsilkPlatform.Web\Controllers\AccountController.cs(790,13): error CS1519: Invalid token 'else' in a member declaration [c:\Users\ahmed\source\repos\AhmedTyson\Tafsilk\TafsilkPlatform\TafsilkPlatform.Web\TafsilkPlatform.Web.csproj]
c:\Users\ahmed\source\repos\AhmedTyson\Tafsilk\TafsilkPlatform\TafsilkPlatform.Web\Controllers\AccountController.cs(793,43): error CS1519: Invalid token '=' in a member declaration [c:\Users\ahmed\source\repos\AhmedTyson\Tafsilk\TafsilkPlatform\TafsilkPlatform.Web\TafsilkPlatform.Web.csproj]
c:\Users\ahmed\source\repos\AhmedTyson\Tafsilk\TafsilkPlatform\TafsilkPlatform.Web\Controllers\AccountController.cs(793,53): error CS1519: Invalid token ';' in a member declaration [c:\Users\ahmed\source\repos\AhmedTyson\Tafsilk\TafsilkPlatform\TafsilkPlatform.Web\TafsilkPlatform.Web.csproj]
c:\Users\ahmed\source\repos\AhmedTyson\Tafsilk\TafsilkPlatform\TafsilkPlatform.Web\Controllers\AccountController.cs(794,40): error CS1519: Invalid token '=' in a member declaration [c:\Users\ahmed\source\repos\AhmedTyson\Tafsilk\TafsilkPlatform\TafsilkPlatform.Web\TafsilkPlatform.Web.csproj]
c:\Users\ahmed\source\repos\AhmedTyson\Tafsilk\TafsilkPlatform\TafsilkPlatform.Web\Controllers\AccountController.cs(794,47): error CS1519: Invalid token ';' in a member declaration [c:\Users\ahmed\source\repos\AhmedTyson\Tafsilk\TafsilkPlatform\TafsilkPlatform.Web\TafsilkPlatform.Web.csproj]
c:\Users\ahmed\source\repos\AhmedTyson\Tafsilk\TafsilkPlatform\TafsilkPlatform.Web\Controllers\AccountController.cs(795,39): error CS1519: Invalid token '=' in a member declaration [c:\Users\ahmed\source\repos\AhmedTyson\Tafsilk\TafsilkPlatform\TafsilkPlatform.Web\TafsilkPlatform.Web.csproj]
c:\Users\ahmed\source\repos\AhmedTyson\Tafsilk\TafsilkPlatform\TafsilkPlatform.Web\Controllers\AccountController.cs(795,46): error CS1519: Invalid token '??' in a member declaration [c:\Users\ahmed\source\repos\AhmedTyson\Tafsilk\TafsilkPlatform\TafsilkPlatform.Web\TafsilkPlatform.Web.csproj]
c:\Users\ahmed\source\repos\AhmedTyson\Tafsilk\TafsilkPlatform\TafsilkPlatform.Web\Controllers\AccountController.cs(795,55): error CS1519: Invalid token '.' in a member declaration [c:\Users\ahmed\source\repos\AhmedTyson\Tafsilk\TafsilkPlatform\TafsilkPlatform.Web\TafsilkPlatform.Web.csproj]
c:\Users\ahmed\source\repos\AhmedTyson\Tafsilk\TafsilkPlatform\TafsilkPlatform.Web\Controllers\AccountController.cs(795,61): error CS1519: Invalid token ';' in a member declaration [c:\Users\ahmed\source\repos\AhmedTyson\Tafsilk\TafsilkPlatform\TafsilkPlatform.Web\TafsilkPlatform.Web.csproj]
c:\Users\ahmed\source\repos\AhmedTyson\Tafsilk\TafsilkPlatform\TafsilkPlatform.Web\Controllers\AccountController.cs(796,42): error CS1519: Invalid token '=' in a member declaration [c:\Users\ahmed\source\repos\AhmedTyson\Tafsilk\TafsilkPlatform\TafsilkPlatform.Web\TafsilkPlatform.Web.csproj]
c:\Users\ahmed\source\repos\AhmedTyson\Tafsilk\TafsilkPlatform\TafsilkPlatform.Web\Controllers\AccountController.cs(796,52): error CS1519: Invalid token '??' in a member declaration [c:\Users\ahmed\source\repos\AhmedTyson\Tafsilk\TafsilkPlatform\TafsilkPlatform.Web\TafsilkPlatform.Web.csproj]
c:\Users\ahmed\source\repos\AhmedTyson\Tafsilk\TafsilkPlatform\TafsilkPlatform.Web\Controllers\AccountController.cs(796,61): error CS1519: Invalid token '.' in a member declaration [c:\Users\ahmed\source\repos\AhmedTyson\Tafsilk\TafsilkPlatform\TafsilkPlatform.Web\TafsilkPlatform.Web.csproj]
c:\Users\ahmed\source\repos\AhmedTyson\Tafsilk\TafsilkPlatform\TafsilkPlatform.Web\Controllers\AccountController.cs(796,67): error CS1519: Invalid token ';' in a member declaration [c:\Users\ahmed\source\repos\AhmedTyson\Tafsilk\TafsilkPlatform\TafsilkPlatform.Web\TafsilkPlatform.Web.csproj]
c:\Users\ahmed\source\repos\AhmedTyson\Tafsilk\TafsilkPlatform\TafsilkPlatform.Web\Controllers\AccountController.cs(797,37): error CS1519: Invalid token '=' in a member declaration [c:\Users\ahmed\source\repos\AhmedTyson\Tafsilk\TafsilkPlatform\TafsilkPlatform.Web\TafsilkPlatform.Web.csproj]
c:\Users\ahmed\source\repos\AhmedTyson\Tafsilk\TafsilkPlatform\TafsilkPlatform.Web\Controllers\AccountController.cs(797,50): error CS1519: Invalid token '??' in a member declaration [c:\Users\ahmed\source\repos\AhmedTyson\Tafsilk\TafsilkPlatform\TafsilkPlatform.Web\TafsilkPlatform.Web.csproj]
c:\Users\ahmed\source\repos\AhmedTyson\Tafsilk\TafsilkPlatform\TafsilkPlatform.Web\Controllers\AccountController.cs(797,59): error CS1519: Invalid token '.' in a member declaration [c:\Users\ahmed\source\repos\AhmedTyson\Tafsilk\TafsilkPlatform\TafsilkPlatform.Web\TafsilkPlatform.Web.csproj]
c:\Users\ahmed\source\repos\AhmedTyson\Tafsilk\TafsilkPlatform\TafsilkPlatform.Web\Controllers\AccountController.cs(797,65): error CS1519: Invalid token ';' in a member declaration [c:\Users\ahmed\source\repos\AhmedTyson\Tafsilk\TafsilkPlatform\TafsilkPlatform.Web\TafsilkPlatform.Web.csproj]
c:\Users\ahmed\source\repos\AhmedTyson\Tafsilk\TafsilkPlatform\TafsilkPlatform.Web\Controllers\AccountController.cs(799,47): error CS1001: Identifier expected [c:\Users\ahmed\source\repos\AhmedTyson\Tafsilk\TafsilkPlatform\TafsilkPlatform.Web\TafsilkPlatform.Web.csproj]
c:\Users\ahmed\source\repos\AhmedTyson\Tafsilk\TafsilkPlatform\TafsilkPlatform.Web\Controllers\AccountController.cs(799,47): error CS1003: Syntax error, ',' expected [c:\Users\ahmed\source\repos\AhmedTyson\Tafsilk\TafsilkPlatform\TafsilkPlatform.Web\TafsilkPlatform.Web.csproj]
c:\Users\ahmed\source\repos\AhmedTyson\Tafsilk\TafsilkPlatform\TafsilkPlatform.Web\Controllers\AccountController.cs(799,74): error CS8124: Tuple must contain at least two elements. [c:\Users\ahmed\source\repos\AhmedTyson\Tafsilk\TafsilkPlatform\TafsilkPlatform.Web\TafsilkPlatform.Web.csproj]
c:\Users\ahmed\source\repos\AhmedTyson\Tafsilk\TafsilkPlatform\TafsilkPlatform.Web\Controllers\AccountController.cs(799,75): error CS1001: Identifier expected [c:\Users\ahmed\source\repos\AhmedTyson\Tafsilk\TafsilkPlatform\TafsilkPlatform.Web\TafsilkPlatform.Web.csproj]
c:\Users\ahmed\source\repos\AhmedTyson\Tafsilk\TafsilkPlatform\TafsilkPlatform.Web\Controllers\AccountController.cs(801,9): error CS1022: Type or namespace definition, or end-of-file expected [c:\Users\ahmed\source\repos\AhmedTyson\Tafsilk\TafsilkPlatform\TafsilkPlatform.Web\TafsilkPlatform.Web.csproj]
c:\Users\ahmed\source\repos\AhmedTyson\Tafsilk\TafsilkPlatform\TafsilkPlatform.Web\Controllers\AccountController.cs(802,9): error CS1022: Type or namespace definition, or end-of-file expected [c:\Users\ahmed\source\repos\AhmedTyson\Tafsilk\TafsilkPlatform\TafsilkPlatform.Web\TafsilkPlatform.Web.csproj]
c:\Users\ahmed\source\repos\AhmedTyson\Tafsilk\TafsilkPlatform\TafsilkPlatform.Web\Controllers\AccountController.cs(802,15): error CS8803: Top-level statements must precede namespace and type declarations. [c:\Users\ahmed\source\repos\AhmedTyson\Tafsilk\TafsilkPlatform\TafsilkPlatform.Web\TafsilkPlatform.Web.csproj]
c:\Users\ahmed\source\repos\AhmedTyson\Tafsilk\TafsilkPlatform\TafsilkPlatform.Web\Controllers\AccountController.cs(802,26): error CS1026: ) expected [c:\Users\ahmed\source\repos\AhmedTyson\Tafsilk\TafsilkPlatform\TafsilkPlatform.Web\TafsilkPlatform.Web.csproj]
c:\Users\ahmed\source\repos\AhmedTyson\Tafsilk\TafsilkPlatform\TafsilkPlatform.Web\Controllers\AccountController.cs(802,26): error CS1002: ; expected [c:\Users\ahmed\source\repos\AhmedTyson\Tafsilk\TafsilkPlatform\TafsilkPlatform.Web\TafsilkPlatform.Web.csproj]
c:\Users\ahmed\source\repos\AhmedTyson\Tafsilk\TafsilkPlatform\TafsilkPlatform.Web\Controllers\AccountController.cs(802,28): error CS1001: Identifier expected [c:\Users\ahmed\source\repos\AhmedTyson\Tafsilk\TafsilkPlatform\TafsilkPlatform.Web\TafsilkPlatform.Web.csproj]
c:\Users\ahmed\source\repos\AhmedTyson\Tafsilk\TafsilkPlatform\TafsilkPlatform.Web\Controllers\AccountController.cs(802,28): error CS1003: Syntax error, ',' expected [c:\Users\ahmed\source\repos\AhmedTyson\Tafsilk\TafsilkPlatform\TafsilkPlatform.Web\TafsilkPlatform.Web.csproj]
c:\Users\ahmed\source\repos\AhmedTyson\Tafsilk\TafsilkPlatform\TafsilkPlatform.Web\Controllers\AccountController.cs(804,21): error CS1002: ; expected [c:\Users\ahmed\source\repos\AhmedTyson\Tafsilk\TafsilkPlatform\TafsilkPlatform.Web\TafsilkPlatform.Web.csproj]
c:\Users\ahmed\source\repos\AhmedTyson\Tafsilk\TafsilkPlatform\TafsilkPlatform.Web\Controllers\AccountController.cs(806,9): error CS1022: Type or namespace definition, or end-of-file expected [c:\Users\ahmed\source\repos\AhmedTyson\Tafsilk\TafsilkPlatform\TafsilkPlatform.Web\TafsilkPlatform.Web.csproj]
c:\Users\ahmed\source\repos\AhmedTyson\Tafsilk\TafsilkPlatform\TafsilkPlatform.Web\Controllers\AccountController.cs(807,5): error CS1022: Type or namespace definition, or end-of-file expected [c:\Users\ahmed\source\repos\AhmedTyson\Tafsilk\TafsilkPlatform\TafsilkPlatform.Web\TafsilkPlatform.Web.csproj]
c:\Users\ahmed\source\repos\AhmedTyson\Tafsilk\TafsilkPlatform\TafsilkPlatform.Web\Controllers\AccountController.cs(814,5): error CS0106: The modifier 'public' is not valid for this item [c:\Users\ahmed\source\repos\AhmedTyson\Tafsilk\TafsilkPlatform\TafsilkPlatform.Web\TafsilkPlatform.Web.csproj]
c:\Users\ahmed\source\repos\AhmedTyson\Tafsilk\TafsilkPlatform\TafsilkPlatform.Web\Controllers\AccountController.cs(824,5): error CS0106: The modifier 'public' is not valid for this item [c:\Users\ahmed\source\repos\AhmedTyson\Tafsilk\TafsilkPlatform\TafsilkPlatform.Web\TafsilkPlatform.Web.csproj]
c:\Users\ahmed\source\repos\AhmedTyson\Tafsilk\TafsilkPlatform\TafsilkPlatform.Web\Controllers\AccountController.cs(858,5): error CS0106: The modifier 'public' is not valid for this item [c:\Users\ahmed\source\repos\AhmedTyson\Tafsilk\TafsilkPlatform\TafsilkPlatform.Web\TafsilkPlatform.Web.csproj]
c:\Users\ahmed\source\repos\AhmedTyson\Tafsilk\TafsilkPlatform\TafsilkPlatform.Web\Controllers\AccountController.cs(869,5): error CS0106: The modifier 'public' is not valid for this item [c:\Users\ahmed\source\repos\AhmedTyson\Tafsilk\TafsilkPlatform\TafsilkPlatform.Web\TafsilkPlatform.Web.csproj]
c:\Users\ahmed\source\repos\AhmedTyson\Tafsilk\TafsilkPlatform\TafsilkPlatform.Web\Controllers\AccountController.cs(877,5): error CS0106: The modifier 'private' is not valid for this item [c:\Users\ahmed\source\repos\AhmedTyson\Tafsilk\TafsilkPlatform\TafsilkPlatform.Web\TafsilkPlatform.Web.csproj]
c:\Users\ahmed\source\repos\AhmedTyson\Tafsilk\TafsilkPlatform\TafsilkPlatform.Web\Controllers\AccountController.cs(1041,5): error CS0106: The modifier 'public' is not valid for this item [c:\Users\ahmed\source\repos\AhmedTyson\Tafsilk\TafsilkPlatform\TafsilkPlatform.Web\TafsilkPlatform.Web.csproj]
c:\Users\ahmed\source\repos\AhmedTyson\Tafsilk\TafsilkPlatform\TafsilkPlatform.Web\Controllers\AccountController.cs(1051,5): error CS0106: The modifier 'public' is not valid for this item [c:\Users\ahmed\source\repos\AhmedTyson\Tafsilk\TafsilkPlatform\TafsilkPlatform.Web\TafsilkPlatform.Web.csproj]
c:\Users\ahmed\source\repos\AhmedTyson\Tafsilk\TafsilkPlatform\TafsilkPlatform.Web\Controllers\AccountController.cs(1124,5): error CS0106: The modifier 'private' is not valid for this item [c:\Users\ahmed\source\repos\AhmedTyson\Tafsilk\TafsilkPlatform\TafsilkPlatform.Web\TafsilkPlatform.Web.csproj]
c:\Users\ahmed\source\repos\AhmedTyson\Tafsilk\TafsilkPlatform\TafsilkPlatform.Web\Controllers\AccountController.cs(1136,5): error CS0106: The modifier 'private' is not valid for this item [c:\Users\ahmed\source\repos\AhmedTyson\Tafsilk\TafsilkPlatform\TafsilkPlatform.Web\TafsilkPlatform.Web.csproj]
c:\Users\ahmed\source\repos\AhmedTyson\Tafsilk\TafsilkPlatform\TafsilkPlatform.Web\Controllers\AccountController.cs(1155,5): error CS0106: The modifier 'private' is not valid for this item [c:\Users\ahmed\source\repos\AhmedTyson\Tafsilk\TafsilkPlatform\TafsilkPlatform.Web\TafsilkPlatform.Web.csproj]
c:\Users\ahmed\source\repos\AhmedTyson\Tafsilk\TafsilkPlatform\TafsilkPlatform.Web\Controllers\AccountController.cs(1188,5): error CS0106: The modifier 'private' is not valid for this item [c:\Users\ahmed\source\repos\AhmedTyson\Tafsilk\TafsilkPlatform\TafsilkPlatform.Web\TafsilkPlatform.Web.csproj]
c:\Users\ahmed\source\repos\AhmedTyson\Tafsilk\TafsilkPlatform\TafsilkPlatform.Web\Controllers\AccountController.cs(1213,5): error CS0106: The modifier 'private' is not valid for this item [c:\Users\ahmed\source\repos\AhmedTyson\Tafsilk\TafsilkPlatform\TafsilkPlatform.Web\TafsilkPlatform.Web.csproj]
c:\Users\ahmed\source\repos\AhmedTyson\Tafsilk\TafsilkPlatform\TafsilkPlatform.Web\Controllers\AccountController.cs(1249,5): error CS0106: The modifier 'private' is not valid for this item [c:\Users\ahmed\source\repos\AhmedTyson\Tafsilk\TafsilkPlatform\TafsilkPlatform.Web\TafsilkPlatform.Web.csproj]
c:\Users\ahmed\source\repos\AhmedTyson\Tafsilk\TafsilkPlatform\TafsilkPlatform.Web\Controllers\AccountController.cs(1270,5): error CS0106: The modifier 'private' is not valid for this item [c:\Users\ahmed\source\repos\AhmedTyson\Tafsilk\TafsilkPlatform\TafsilkPlatform.Web\TafsilkPlatform.Web.csproj]
c:\Users\ahmed\source\repos\AhmedTyson\Tafsilk\TafsilkPlatform\TafsilkPlatform.Web\Controllers\AccountController.cs(1287,1): error CS1022: Type or namespace definition, or end-of-file expected [c:\Users\ahmed\source\repos\AhmedTyson\Tafsilk\TafsilkPlatform\TafsilkPlatform.Web\TafsilkPlatform.Web.csproj]

Build FAILED.

c:\Users\ahmed\source\repos\AhmedTyson\Tafsilk\TafsilkPlatform\TafsilkPlatform.Web\TafsilkPlatform.DataAccess\Data\ApplicationDbContext.cs(92,30): warning CS8600: Converting null literal or possible null value to non-nullable type. [c:\Users\ahmed\source\repos\AhmedTyson\Tafsilk\TafsilkPlatform\TafsilkPlatform.Web\TafsilkPlatform.DataAccess\TafsilkPlatform.DataAccess.csproj]
c:\Users\ahmed\source\repos\AhmedTyson\Tafsilk\TafsilkPlatform\TafsilkPlatform.Web\Controllers\AccountController.cs(759,35): error CS1003: Syntax error, 'switch' expected [c:\Users\ahmed\source\repos\AhmedTyson\Tafsilk\TafsilkPlatform\TafsilkPlatform.Web\TafsilkPlatform.Web.csproj]
c:\Users\ahmed\source\repos\AhmedTyson\Tafsilk\TafsilkPlatform\TafsilkPlatform.Web\Controllers\AccountController.cs(790,13): error CS1519: Invalid token 'else' in a member declaration [c:\Users\ahmed\source\repos\AhmedTyson\Tafsilk\TafsilkPlatform\TafsilkPlatform.Web\TafsilkPlatform.Web.csproj]
c:\Users\ahmed\source\repos\AhmedTyson\Tafsilk\TafsilkPlatform\TafsilkPlatform.Web\Controllers\AccountController.cs(793,43): error CS1519: Invalid token '=' in a member declaration [c:\Users\ahmed\source\repos\AhmedTyson\Tafsilk\TafsilkPlatform\TafsilkPlatform.Web\TafsilkPlatform.Web.csproj]
c:\Users\ahmed\source\repos\AhmedTyson\Tafsilk\TafsilkPlatform\TafsilkPlatform.Web\Controllers\AccountController.cs(793,53): error CS1519: Invalid token ';' in a member declaration [c:\Users\ahmed\source\repos\AhmedTyson\Tafsilk\TafsilkPlatform\TafsilkPlatform.Web\TafsilkPlatform.Web.csproj]
c:\Users\ahmed\source\repos\AhmedTyson\Tafsilk\TafsilkPlatform\TafsilkPlatform.Web\Controllers\AccountController.cs(794,40): error CS1519: Invalid token '=' in a member declaration [c:\Users\ahmed\source\repos\AhmedTyson\Tafsilk\TafsilkPlatform\TafsilkPlatform.Web\TafsilkPlatform.Web.csproj]
c:\Users\ahmed\source\repos\AhmedTyson\Tafsilk\TafsilkPlatform\TafsilkPlatform.Web\Controllers\AccountController.cs(794,47): error CS1519: Invalid token ';' in a member declaration [c:\Users\ahmed\source\repos\AhmedTyson\Tafsilk\TafsilkPlatform\TafsilkPlatform.Web\TafsilkPlatform.Web.csproj]
c:\Users\ahmed\source\repos\AhmedTyson\Tafsilk\TafsilkPlatform\TafsilkPlatform.Web\Controllers\AccountController.cs(795,39): error CS1519: Invalid token '=' in a member declaration [c:\Users\ahmed\source\repos\AhmedTyson\Tafsilk\TafsilkPlatform\TafsilkPlatform.Web\TafsilkPlatform.Web.csproj]
c:\Users\ahmed\source\repos\AhmedTyson\Tafsilk\TafsilkPlatform\TafsilkPlatform.Web\Controllers\AccountController.cs(795,46): error CS1519: Invalid token '??' in a member declaration [c:\Users\ahmed\source\repos\AhmedTyson\Tafsilk\TafsilkPlatform\TafsilkPlatform.Web\TafsilkPlatform.Web.csproj]
c:\Users\ahmed\source\repos\AhmedTyson\Tafsilk\TafsilkPlatform\TafsilkPlatform.Web\Controllers\AccountController.cs(795,55): error CS1519: Invalid token '.' in a member declaration [c:\Users\ahmed\source\repos\AhmedTyson\Tafsilk\TafsilkPlatform\TafsilkPlatform.Web\TafsilkPlatform.Web.csproj]
c:\Users\ahmed\source\repos\AhmedTyson\Tafsilk\TafsilkPlatform\TafsilkPlatform.Web\Controllers\AccountController.cs(795,61): error CS1519: Invalid token ';' in a member declaration [c:\Users\ahmed\source\repos\AhmedTyson\Tafsilk\TafsilkPlatform\TafsilkPlatform.Web\TafsilkPlatform.Web.csproj]
c:\Users\ahmed\source\repos\AhmedTyson\Tafsilk\TafsilkPlatform\TafsilkPlatform.Web\Controllers\AccountController.cs(796,42): error CS1519: Invalid token '=' in a member declaration [c:\Users\ahmed\source\repos\AhmedTyson\Tafsilk\TafsilkPlatform\TafsilkPlatform.Web\TafsilkPlatform.Web.csproj]
c:\Users\ahmed\source\repos\AhmedTyson\Tafsilk\TafsilkPlatform\TafsilkPlatform.Web\Controllers\AccountController.cs(796,52): error CS1519: Invalid token '??' in a member declaration [c:\Users\ahmed\source\repos\AhmedTyson\Tafsilk\TafsilkPlatform\TafsilkPlatform.Web\TafsilkPlatform.Web.csproj]
c:\Users\ahmed\source\repos\AhmedTyson\Tafsilk\TafsilkPlatform\TafsilkPlatform.Web\Controllers\AccountController.cs(796,61): error CS1519: Invalid token '.' in a member declaration [c:\Users\ahmed\source\repos\AhmedTyson\Tafsilk\TafsilkPlatform\TafsilkPlatform.Web\TafsilkPlatform.Web.csproj]
c:\Users\ahmed\source\repos\AhmedTyson\Tafsilk\TafsilkPlatform\TafsilkPlatform.Web\Controllers\AccountController.cs(796,67): error CS1519: Invalid token ';' in a member declaration [c:\Users\ahmed\source\repos\AhmedTyson\Tafsilk\TafsilkPlatform\TafsilkPlatform.Web\TafsilkPlatform.Web.csproj]
c:\Users\ahmed\source\repos\AhmedTyson\Tafsilk\TafsilkPlatform\TafsilkPlatform.Web\Controllers\AccountController.cs(797,37): error CS1519: Invalid token '=' in a member declaration [c:\Users\ahmed\source\repos\AhmedTyson\Tafsilk\TafsilkPlatform\TafsilkPlatform.Web\TafsilkPlatform.Web.csproj]
c:\Users\ahmed\source\repos\AhmedTyson\Tafsilk\TafsilkPlatform\TafsilkPlatform.Web\Controllers\AccountController.cs(797,50): error CS1519: Invalid token '??' in a member declaration [c:\Users\ahmed\source\repos\AhmedTyson\Tafsilk\TafsilkPlatform\TafsilkPlatform.Web\TafsilkPlatform.Web.csproj]
c:\Users\ahmed\source\repos\AhmedTyson\Tafsilk\TafsilkPlatform\TafsilkPlatform.Web\Controllers\AccountController.cs(797,59): error CS1519: Invalid token '.' in a member declaration [c:\Users\ahmed\source\repos\AhmedTyson\Tafsilk\TafsilkPlatform\TafsilkPlatform.Web\TafsilkPlatform.Web.csproj]
c:\Users\ahmed\source\repos\AhmedTyson\Tafsilk\TafsilkPlatform\TafsilkPlatform.Web\Controllers\AccountController.cs(797,65): error CS1519: Invalid token ';' in a member declaration [c:\Users\ahmed\source\repos\AhmedTyson\Tafsilk\TafsilkPlatform\TafsilkPlatform.Web\TafsilkPlatform.Web.csproj]
c:\Users\ahmed\source\repos\AhmedTyson\Tafsilk\TafsilkPlatform\TafsilkPlatform.Web\Controllers\AccountController.cs(799,47): error CS1001: Identifier expected [c:\Users\ahmed\source\repos\AhmedTyson\Tafsilk\TafsilkPlatform\TafsilkPlatform.Web\TafsilkPlatform.Web.csproj]
c:\Users\ahmed\source\repos\AhmedTyson\Tafsilk\TafsilkPlatform\TafsilkPlatform.Web\Controllers\AccountController.cs(799,47): error CS1003: Syntax error, ',' expected [c:\Users\ahmed\source\repos\AhmedTyson\Tafsilk\TafsilkPlatform\TafsilkPlatform.Web\TafsilkPlatform.Web.csproj]
c:\Users\ahmed\source\repos\AhmedTyson\Tafsilk\TafsilkPlatform\TafsilkPlatform.Web\Controllers\AccountController.cs(799,74): error CS8124: Tuple must contain at least two elements. [c:\Users\ahmed\source\repos\AhmedTyson\Tafsilk\TafsilkPlatform\TafsilkPlatform.Web\TafsilkPlatform.Web.csproj]
c:\Users\ahmed\source\repos\AhmedTyson\Tafsilk\TafsilkPlatform\TafsilkPlatform.Web\Controllers\AccountController.cs(799,75): error CS1001: Identifier expected [c:\Users\ahmed\source\repos\AhmedTyson\Tafsilk\TafsilkPlatform\TafsilkPlatform.Web\TafsilkPlatform.Web.csproj]
c:\Users\ahmed\source\repos\AhmedTyson\Tafsilk\TafsilkPlatform\TafsilkPlatform.Web\Controllers\AccountController.cs(801,9): error CS1022: Type or namespace definition, or end-of-file expected [c:\Users\ahmed\source\repos\AhmedTyson\Tafsilk\TafsilkPlatform\TafsilkPlatform.Web\TafsilkPlatform.Web.csproj]
c:\Users\ahmed\source\repos\AhmedTyson\Tafsilk\TafsilkPlatform\TafsilkPlatform.Web\Controllers\AccountController.cs(802,9): error CS1022: Type or namespace definition, or end-of-file expected [c:\Users\ahmed\source\repos\AhmedTyson\Tafsilk\TafsilkPlatform\TafsilkPlatform.Web\TafsilkPlatform.Web.csproj]
c:\Users\ahmed\source\repos\AhmedTyson\Tafsilk\TafsilkPlatform\TafsilkPlatform.Web\Controllers\AccountController.cs(802,15): error CS8803: Top-level statements must precede namespace and type declarations. [c:\Users\ahmed\source\repos\AhmedTyson\Tafsilk\TafsilkPlatform\TafsilkPlatform.Web\TafsilkPlatform.Web.csproj]
c:\Users\ahmed\source\repos\AhmedTyson\Tafsilk\TafsilkPlatform\TafsilkPlatform.Web\Controllers\AccountController.cs(802,26): error CS1026: ) expected [c:\Users\ahmed\source\repos\AhmedTyson\Tafsilk\TafsilkPlatform\TafsilkPlatform.Web\TafsilkPlatform.Web.csproj]
c:\Users\ahmed\source\repos\AhmedTyson\Tafsilk\TafsilkPlatform\TafsilkPlatform.Web\Controllers\AccountController.cs(802,26): error CS1002: ; expected [c:\Users\ahmed\source\repos\AhmedTyson\Tafsilk\TafsilkPlatform\TafsilkPlatform.Web\TafsilkPlatform.Web.csproj]
c:\Users\ahmed\source\repos\AhmedTyson\Tafsilk\TafsilkPlatform\TafsilkPlatform.Web\Controllers\AccountController.cs(802,28): error CS1001: Identifier expected [c:\Users\ahmed\source\repos\AhmedTyson\Tafsilk\TafsilkPlatform\TafsilkPlatform.Web\TafsilkPlatform.Web.csproj]
c:\Users\ahmed\source\repos\AhmedTyson\Tafsilk\TafsilkPlatform\TafsilkPlatform.Web\Controllers\AccountController.cs(802,28): error CS1003: Syntax error, ',' expected [c:\Users\ahmed\source\repos\AhmedTyson\Tafsilk\TafsilkPlatform\TafsilkPlatform.Web\TafsilkPlatform.Web.csproj]
c:\Users\ahmed\source\repos\AhmedTyson\Tafsilk\TafsilkPlatform\TafsilkPlatform.Web\Controllers\AccountController.cs(804,21): error CS1002: ; expected [c:\Users\ahmed\source\repos\AhmedTyson\Tafsilk\TafsilkPlatform\TafsilkPlatform.Web\TafsilkPlatform.Web.csproj]
c:\Users\ahmed\source\repos\AhmedTyson\Tafsilk\TafsilkPlatform\TafsilkPlatform.Web\Controllers\AccountController.cs(806,9): error CS1022: Type or namespace definition, or end-of-file expected [c:\Users\ahmed\source\repos\AhmedTyson\Tafsilk\TafsilkPlatform\TafsilkPlatform.Web\TafsilkPlatform.Web.csproj]
c:\Users\ahmed\source\repos\AhmedTyson\Tafsilk\TafsilkPlatform\TafsilkPlatform.Web\Controllers\AccountController.cs(807,5): error CS1022: Type or namespace definition, or end-of-file expected [c:\Users\ahmed\source\repos\AhmedTyson\Tafsilk\TafsilkPlatform\TafsilkPlatform.Web\TafsilkPlatform.Web.csproj]
c:\Users\ahmed\source\repos\AhmedTyson\Tafsilk\TafsilkPlatform\TafsilkPlatform.Web\Controllers\AccountController.cs(814,5): error CS0106: The modifier 'public' is not valid for this item [c:\Users\ahmed\source\repos\AhmedTyson\Tafsilk\TafsilkPlatform\TafsilkPlatform.Web\TafsilkPlatform.Web.csproj]
c:\Users\ahmed\source\repos\AhmedTyson\Tafsilk\TafsilkPlatform\TafsilkPlatform.Web\Controllers\AccountController.cs(824,5): error CS0106: The modifier 'public' is not valid for this item [c:\Users\ahmed\source\repos\AhmedTyson\Tafsilk\TafsilkPlatform\TafsilkPlatform.Web\TafsilkPlatform.Web.csproj]
c:\Users\ahmed\source\repos\AhmedTyson\Tafsilk\TafsilkPlatform\TafsilkPlatform.Web\Controllers\AccountController.cs(858,5): error CS0106: The modifier 'public' is not valid for this item [c:\Users\ahmed\source\repos\AhmedTyson\Tafsilk\TafsilkPlatform\TafsilkPlatform.Web\TafsilkPlatform.Web.csproj]
c:\Users\ahmed\source\repos\AhmedTyson\Tafsilk\TafsilkPlatform\TafsilkPlatform.Web\Controllers\AccountController.cs(869,5): error CS0106: The modifier 'public' is not valid for this item [c:\Users\ahmed\source\repos\AhmedTyson\Tafsilk\TafsilkPlatform\TafsilkPlatform.Web\TafsilkPlatform.Web.csproj]
c:\Users\ahmed\source\repos\AhmedTyson\Tafsilk\TafsilkPlatform\TafsilkPlatform.Web\Controllers\AccountController.cs(877,5): error CS0106: The modifier 'private' is not valid for this item [c:\Users\ahmed\source\repos\AhmedTyson\Tafsilk\TafsilkPlatform\TafsilkPlatform.Web\TafsilkPlatform.Web.csproj]
c:\Users\ahmed\source\repos\AhmedTyson\Tafsilk\TafsilkPlatform\TafsilkPlatform.Web\Controllers\AccountController.cs(1041,5): error CS0106: The modifier 'public' is not valid for this item [c:\Users\ahmed\source\repos\AhmedTyson\Tafsilk\TafsilkPlatform\TafsilkPlatform.Web\TafsilkPlatform.Web.csproj]
c:\Users\ahmed\source\repos\AhmedTyson\Tafsilk\TafsilkPlatform\TafsilkPlatform.Web\Controllers\AccountController.cs(1051,5): error CS0106: The modifier 'public' is not valid for this item [c:\Users\ahmed\source\repos\AhmedTyson\Tafsilk\TafsilkPlatform\TafsilkPlatform.Web\TafsilkPlatform.Web.csproj]
c:\Users\ahmed\source\repos\AhmedTyson\Tafsilk\TafsilkPlatform\TafsilkPlatform.Web\Controllers\AccountController.cs(1124,5): error CS0106: The modifier 'private' is not valid for this item [c:\Users\ahmed\source\repos\AhmedTyson\Tafsilk\TafsilkPlatform\TafsilkPlatform.Web\TafsilkPlatform.Web.csproj]
c:\Users\ahmed\source\repos\AhmedTyson\Tafsilk\TafsilkPlatform\TafsilkPlatform.Web\Controllers\AccountController.cs(1136,5): error CS0106: The modifier 'private' is not valid for this item [c:\Users\ahmed\source\repos\AhmedTyson\Tafsilk\TafsilkPlatform\TafsilkPlatform.Web\TafsilkPlatform.Web.csproj]
c:\Users\ahmed\source\repos\AhmedTyson\Tafsilk\TafsilkPlatform\TafsilkPlatform.Web\Controllers\AccountController.cs(1155,5): error CS0106: The modifier 'private' is not valid for this item [c:\Users\ahmed\source\repos\AhmedTyson\Tafsilk\TafsilkPlatform\TafsilkPlatform.Web\TafsilkPlatform.Web.csproj]
c:\Users\ahmed\source\repos\AhmedTyson\Tafsilk\TafsilkPlatform\TafsilkPlatform.Web\Controllers\AccountController.cs(1188,5): error CS0106: The modifier 'private' is not valid for this item [c:\Users\ahmed\source\repos\AhmedTyson\Tafsilk\TafsilkPlatform\TafsilkPlatform.Web\TafsilkPlatform.Web.csproj]
c:\Users\ahmed\source\repos\AhmedTyson\Tafsilk\TafsilkPlatform\TafsilkPlatform.Web\Controllers\AccountController.cs(1213,5): error CS0106: The modifier 'private' is not valid for this item [c:\Users\ahmed\source\repos\AhmedTyson\Tafsilk\TafsilkPlatform\TafsilkPlatform.Web\TafsilkPlatform.Web.csproj]
c:\Users\ahmed\source\repos\AhmedTyson\Tafsilk\TafsilkPlatform\TafsilkPlatform.Web\Controllers\AccountController.cs(1249,5): error CS0106: The modifier 'private' is not valid for this item [c:\Users\ahmed\source\repos\AhmedTyson\Tafsilk\TafsilkPlatform\TafsilkPlatform.Web\TafsilkPlatform.Web.csproj]
c:\Users\ahmed\source\repos\AhmedTyson\Tafsilk\TafsilkPlatform\TafsilkPlatform.Web\Controllers\AccountController.cs(1270,5): error CS0106: The modifier 'private' is not valid for this item [c:\Users\ahmed\source\repos\AhmedTyson\Tafsilk\TafsilkPlatform\TafsilkPlatform.Web\TafsilkPlatform.Web.csproj]
c:\Users\ahmed\source\repos\AhmedTyson\Tafsilk\TafsilkPlatform\TafsilkPlatform.Web\Controllers\AccountController.cs(1287,1): error CS1022: Type or namespace definition, or end-of-file expected [c:\Users\ahmed\source\repos\AhmedTyson\Tafsilk\TafsilkPlatform\TafsilkPlatform.Web\TafsilkPlatform.Web.csproj]
    1 Warning(s)
    47 Error(s)

Time Elapsed 00:00:05.57
