  Determining projects to restore...
  All projects are up-to-date for restore.
  TafsilkPlatform.Models -> C:\Users\ahmed\source\repos\AhmedTyson\Tafsilk\TafsilkPlatform\TafsilkPlatform.Web\TafsilkPlatform.Models\bin\Debug\net9.0\TafsilkPlatform.Models.dll
  TafsilkPlatform.Utility -> C:\Users\ahmed\source\repos\AhmedTyson\Tafsilk\TafsilkPlatform\TafsilkPlatform.Web\TafsilkPlatform.Utility\bin\Debug\net9.0\TafsilkPlatform.Utility.dll
  TafsilkPlatform.DataAccess -> C:\Users\ahmed\source\repos\AhmedTyson\Tafsilk\TafsilkPlatform\TafsilkPlatform.Web\TafsilkPlatform.DataAccess\bin\Debug\net9.0\TafsilkPlatform.DataAccess.dll
C:\Users\ahmed\source\repos\AhmedTyson\Tafsilk\TafsilkPlatform\TafsilkPlatform.Web\Areas\Tailor\Controllers\TailorManagementController.cs(1197,43): error CS1002: ; expected [C:\Users\ahmed\source\repos\AhmedTyson\Tafsilk\TafsilkPlatform\TafsilkPlatform.Web\TafsilkPlatform.Web.csproj]
C:\Users\ahmed\source\repos\AhmedTyson\Tafsilk\TafsilkPlatform\TafsilkPlatform.Web\Areas\Tailor\Controllers\TailorManagementController.cs(1221,9): error CS1519: Invalid token 'catch' in a member declaration [C:\Users\ahmed\source\repos\AhmedTyson\Tafsilk\TafsilkPlatform\TafsilkPlatform.Web\TafsilkPlatform.Web.csproj]
C:\Users\ahmed\source\repos\AhmedTyson\Tafsilk\TafsilkPlatform\TafsilkPlatform.Web\Areas\Tailor\Controllers\TailorManagementController.cs(1221,28): error CS8124: Tuple must contain at least two elements. [C:\Users\ahmed\source\repos\AhmedTyson\Tafsilk\TafsilkPlatform\TafsilkPlatform.Web\TafsilkPlatform.Web.csproj]
C:\Users\ahmed\source\repos\AhmedTyson\Tafsilk\TafsilkPlatform\TafsilkPlatform.Web\Areas\Tailor\Controllers\TailorManagementController.cs(1222,9): error CS1519: Invalid token '{' in a member declaration [C:\Users\ahmed\source\repos\AhmedTyson\Tafsilk\TafsilkPlatform\TafsilkPlatform.Web\TafsilkPlatform.Web.csproj]
C:\Users\ahmed\source\repos\AhmedTyson\Tafsilk\TafsilkPlatform\TafsilkPlatform.Web\Areas\Tailor\Controllers\TailorManagementController.cs(1223,29): error CS1519: Invalid token '(' in a member declaration [C:\Users\ahmed\source\repos\AhmedTyson\Tafsilk\TafsilkPlatform\TafsilkPlatform.Web\TafsilkPlatform.Web.csproj]
C:\Users\ahmed\source\repos\AhmedTyson\Tafsilk\TafsilkPlatform\TafsilkPlatform.Web\Areas\Tailor\Controllers\TailorManagementController.cs(1223,34): error CS1031: Type expected [C:\Users\ahmed\source\repos\AhmedTyson\Tafsilk\TafsilkPlatform\TafsilkPlatform.Web\TafsilkPlatform.Web.csproj]
C:\Users\ahmed\source\repos\AhmedTyson\Tafsilk\TafsilkPlatform\TafsilkPlatform.Web\Areas\Tailor\Controllers\TailorManagementController.cs(1223,34): error CS1026: ) expected [C:\Users\ahmed\source\repos\AhmedTyson\Tafsilk\TafsilkPlatform\TafsilkPlatform.Web\TafsilkPlatform.Web.csproj]
C:\Users\ahmed\source\repos\AhmedTyson\Tafsilk\TafsilkPlatform\TafsilkPlatform.Web\Areas\Tailor\Controllers\TailorManagementController.cs(1223,34): error CS1519: Invalid token '"Error updating product"' in a member declaration [C:\Users\ahmed\source\repos\AhmedTyson\Tafsilk\TafsilkPlatform\TafsilkPlatform.Web\TafsilkPlatform.Web.csproj]
C:\Users\ahmed\source\repos\AhmedTyson\Tafsilk\TafsilkPlatform\TafsilkPlatform.Web\Areas\Tailor\Controllers\TailorManagementController.cs(1224,37): error CS1519: Invalid token '(' in a member declaration [C:\Users\ahmed\source\repos\AhmedTyson\Tafsilk\TafsilkPlatform\TafsilkPlatform.Web\TafsilkPlatform.Web.csproj]
C:\Users\ahmed\source\repos\AhmedTyson\Tafsilk\TafsilkPlatform\TafsilkPlatform.Web\Areas\Tailor\Controllers\TailorManagementController.cs(1224,38): error CS1031: Type expected [C:\Users\ahmed\source\repos\AhmedTyson\Tafsilk\TafsilkPlatform\TafsilkPlatform.Web\TafsilkPlatform.Web.csproj]
C:\Users\ahmed\source\repos\AhmedTyson\Tafsilk\TafsilkPlatform\TafsilkPlatform.Web\Areas\Tailor\Controllers\TailorManagementController.cs(1224,38): error CS8124: Tuple must contain at least two elements. [C:\Users\ahmed\source\repos\AhmedTyson\Tafsilk\TafsilkPlatform\TafsilkPlatform.Web\TafsilkPlatform.Web.csproj]
C:\Users\ahmed\source\repos\AhmedTyson\Tafsilk\TafsilkPlatform\TafsilkPlatform.Web\Areas\Tailor\Controllers\TailorManagementController.cs(1224,38): error CS1026: ) expected [C:\Users\ahmed\source\repos\AhmedTyson\Tafsilk\TafsilkPlatform\TafsilkPlatform.Web\TafsilkPlatform.Web.csproj]
C:\Users\ahmed\source\repos\AhmedTyson\Tafsilk\TafsilkPlatform\TafsilkPlatform.Web\Areas\Tailor\Controllers\TailorManagementController.cs(1224,38): error CS1519: Invalid token '""' in a member declaration [C:\Users\ahmed\source\repos\AhmedTyson\Tafsilk\TafsilkPlatform\TafsilkPlatform.Web\TafsilkPlatform.Web.csproj]
C:\Users\ahmed\source\repos\AhmedTyson\Tafsilk\TafsilkPlatform\TafsilkPlatform.Web\Areas\Tailor\Controllers\TailorManagementController.cs(1225,40): error CS1001: Identifier expected [C:\Users\ahmed\source\repos\AhmedTyson\Tafsilk\TafsilkPlatform\TafsilkPlatform.Web\TafsilkPlatform.Web.csproj]
C:\Users\ahmed\source\repos\AhmedTyson\Tafsilk\TafsilkPlatform\TafsilkPlatform.Web\Areas\Tailor\Controllers\TailorManagementController.cs(1226,13): error CS1519: Invalid token 'return' in a member declaration [C:\Users\ahmed\source\repos\AhmedTyson\Tafsilk\TafsilkPlatform\TafsilkPlatform.Web\TafsilkPlatform.Web.csproj]
C:\Users\ahmed\source\repos\AhmedTyson\Tafsilk\TafsilkPlatform\TafsilkPlatform.Web\Areas\Tailor\Controllers\TailorManagementController.cs(1226,30): error CS1001: Identifier expected [C:\Users\ahmed\source\repos\AhmedTyson\Tafsilk\TafsilkPlatform\TafsilkPlatform.Web\TafsilkPlatform.Web.csproj]
C:\Users\ahmed\source\repos\AhmedTyson\Tafsilk\TafsilkPlatform\TafsilkPlatform.Web\Areas\Tailor\Controllers\TailorManagementController.cs(1228,5): error CS1022: Type or namespace definition, or end-of-file expected [C:\Users\ahmed\source\repos\AhmedTyson\Tafsilk\TafsilkPlatform\TafsilkPlatform.Web\TafsilkPlatform.Web.csproj]
C:\Users\ahmed\source\repos\AhmedTyson\Tafsilk\TafsilkPlatform\TafsilkPlatform.Web\Areas\Tailor\Controllers\TailorManagementController.cs(1234,5): error CS8803: Top-level statements must precede namespace and type declarations. [C:\Users\ahmed\source\repos\AhmedTyson\Tafsilk\TafsilkPlatform\TafsilkPlatform.Web\TafsilkPlatform.Web.csproj]
C:\Users\ahmed\source\repos\AhmedTyson\Tafsilk\TafsilkPlatform\TafsilkPlatform.Web\Areas\Tailor\Controllers\TailorManagementController.cs(1236,5): error CS0106: The modifier 'public' is not valid for this item [C:\Users\ahmed\source\repos\AhmedTyson\Tafsilk\TafsilkPlatform\TafsilkPlatform.Web\TafsilkPlatform.Web.csproj]
C:\Users\ahmed\source\repos\AhmedTyson\Tafsilk\TafsilkPlatform\TafsilkPlatform.Web\Areas\Tailor\Controllers\TailorManagementController.cs(1289,5): error CS0106: The modifier 'public' is not valid for this item [C:\Users\ahmed\source\repos\AhmedTyson\Tafsilk\TafsilkPlatform\TafsilkPlatform.Web\TafsilkPlatform.Web.csproj]
C:\Users\ahmed\source\repos\AhmedTyson\Tafsilk\TafsilkPlatform\TafsilkPlatform.Web\Areas\Tailor\Controllers\TailorManagementController.cs(1324,5): error CS0106: The modifier 'public' is not valid for this item [C:\Users\ahmed\source\repos\AhmedTyson\Tafsilk\TafsilkPlatform\TafsilkPlatform.Web\TafsilkPlatform.Web.csproj]
C:\Users\ahmed\source\repos\AhmedTyson\Tafsilk\TafsilkPlatform\TafsilkPlatform.Web\Areas\Tailor\Controllers\TailorManagementController.cs(1369,5): error CS0106: The modifier 'public' is not valid for this item [C:\Users\ahmed\source\repos\AhmedTyson\Tafsilk\TafsilkPlatform\TafsilkPlatform.Web\TafsilkPlatform.Web.csproj]
C:\Users\ahmed\source\repos\AhmedTyson\Tafsilk\TafsilkPlatform\TafsilkPlatform.Web\Areas\Tailor\Controllers\TailorManagementController.cs(1409,5): error CS0106: The modifier 'public' is not valid for this item [C:\Users\ahmed\source\repos\AhmedTyson\Tafsilk\TafsilkPlatform\TafsilkPlatform.Web\TafsilkPlatform.Web.csproj]
C:\Users\ahmed\source\repos\AhmedTyson\Tafsilk\TafsilkPlatform\TafsilkPlatform.Web\Areas\Tailor\Controllers\TailorManagementController.cs(1418,5): error CS0106: The modifier 'private' is not valid for this item [C:\Users\ahmed\source\repos\AhmedTyson\Tafsilk\TafsilkPlatform\TafsilkPlatform.Web\TafsilkPlatform.Web.csproj]
C:\Users\ahmed\source\repos\AhmedTyson\Tafsilk\TafsilkPlatform\TafsilkPlatform.Web\Areas\Tailor\Controllers\TailorManagementController.cs(1429,5): error CS0106: The modifier 'private' is not valid for this item [C:\Users\ahmed\source\repos\AhmedTyson\Tafsilk\TafsilkPlatform\TafsilkPlatform.Web\TafsilkPlatform.Web.csproj]
C:\Users\ahmed\source\repos\AhmedTyson\Tafsilk\TafsilkPlatform\TafsilkPlatform.Web\Areas\Tailor\Controllers\TailorManagementController.cs(1442,5): error CS0106: The modifier 'private' is not valid for this item [C:\Users\ahmed\source\repos\AhmedTyson\Tafsilk\TafsilkPlatform\TafsilkPlatform.Web\TafsilkPlatform.Web.csproj]
C:\Users\ahmed\source\repos\AhmedTyson\Tafsilk\TafsilkPlatform\TafsilkPlatform.Web\Areas\Tailor\Controllers\TailorManagementController.cs(1462,5): error CS0106: The modifier 'private' is not valid for this item [C:\Users\ahmed\source\repos\AhmedTyson\Tafsilk\TafsilkPlatform\TafsilkPlatform.Web\TafsilkPlatform.Web.csproj]
C:\Users\ahmed\source\repos\AhmedTyson\Tafsilk\TafsilkPlatform\TafsilkPlatform.Web\Areas\Tailor\Controllers\TailorManagementController.cs(1477,5): error CS0106: The modifier 'private' is not valid for this item [C:\Users\ahmed\source\repos\AhmedTyson\Tafsilk\TafsilkPlatform\TafsilkPlatform.Web\TafsilkPlatform.Web.csproj]
C:\Users\ahmed\source\repos\AhmedTyson\Tafsilk\TafsilkPlatform\TafsilkPlatform.Web\Areas\Tailor\Controllers\TailorManagementController.cs(1492,5): error CS0106: The modifier 'private' is not valid for this item [C:\Users\ahmed\source\repos\AhmedTyson\Tafsilk\TafsilkPlatform\TafsilkPlatform.Web\TafsilkPlatform.Web.csproj]
C:\Users\ahmed\source\repos\AhmedTyson\Tafsilk\TafsilkPlatform\TafsilkPlatform.Web\Areas\Tailor\Controllers\TailorManagementController.cs(1509,5): error CS0106: The modifier 'private' is not valid for this item [C:\Users\ahmed\source\repos\AhmedTyson\Tafsilk\TafsilkPlatform\TafsilkPlatform.Web\TafsilkPlatform.Web.csproj]
C:\Users\ahmed\source\repos\AhmedTyson\Tafsilk\TafsilkPlatform\TafsilkPlatform.Web\Areas\Tailor\Controllers\TailorManagementController.cs(1533,5): error CS0106: The modifier 'private' is not valid for this item [C:\Users\ahmed\source\repos\AhmedTyson\Tafsilk\TafsilkPlatform\TafsilkPlatform.Web\TafsilkPlatform.Web.csproj]
C:\Users\ahmed\source\repos\AhmedTyson\Tafsilk\TafsilkPlatform\TafsilkPlatform.Web\Areas\Tailor\Controllers\TailorManagementController.cs(1545,5): error CS0106: The modifier 'private' is not valid for this item [C:\Users\ahmed\source\repos\AhmedTyson\Tafsilk\TafsilkPlatform\TafsilkPlatform.Web\TafsilkPlatform.Web.csproj]
C:\Users\ahmed\source\repos\AhmedTyson\Tafsilk\TafsilkPlatform\TafsilkPlatform.Web\Areas\Tailor\Controllers\TailorManagementController.cs(1572,5): error CS0106: The modifier 'private' is not valid for this item [C:\Users\ahmed\source\repos\AhmedTyson\Tafsilk\TafsilkPlatform\TafsilkPlatform.Web\TafsilkPlatform.Web.csproj]
C:\Users\ahmed\source\repos\AhmedTyson\Tafsilk\TafsilkPlatform\TafsilkPlatform.Web\Areas\Tailor\Controllers\TailorManagementController.cs(1608,5): error CS0106: The modifier 'private' is not valid for this item [C:\Users\ahmed\source\repos\AhmedTyson\Tafsilk\TafsilkPlatform\TafsilkPlatform.Web\TafsilkPlatform.Web.csproj]
C:\Users\ahmed\source\repos\AhmedTyson\Tafsilk\TafsilkPlatform\TafsilkPlatform.Web\Areas\Tailor\Controllers\TailorManagementController.cs(1656,5): error CS0106: The modifier 'private' is not valid for this item [C:\Users\ahmed\source\repos\AhmedTyson\Tafsilk\TafsilkPlatform\TafsilkPlatform.Web\TafsilkPlatform.Web.csproj]
C:\Users\ahmed\source\repos\AhmedTyson\Tafsilk\TafsilkPlatform\TafsilkPlatform.Web\Areas\Tailor\Controllers\TailorManagementController.cs(1717,5): error CS0106: The modifier 'private' is not valid for this item [C:\Users\ahmed\source\repos\AhmedTyson\Tafsilk\TafsilkPlatform\TafsilkPlatform.Web\TafsilkPlatform.Web.csproj]
C:\Users\ahmed\source\repos\AhmedTyson\Tafsilk\TafsilkPlatform\TafsilkPlatform.Web\Areas\Tailor\Controllers\TailorManagementController.cs(1749,5): error CS0106: The modifier 'private' is not valid for this item [C:\Users\ahmed\source\repos\AhmedTyson\Tafsilk\TafsilkPlatform\TafsilkPlatform.Web\TafsilkPlatform.Web.csproj]
C:\Users\ahmed\source\repos\AhmedTyson\Tafsilk\TafsilkPlatform\TafsilkPlatform.Web\Areas\Tailor\Controllers\TailorManagementController.cs(1764,1): error CS1022: Type or namespace definition, or end-of-file expected [C:\Users\ahmed\source\repos\AhmedTyson\Tafsilk\TafsilkPlatform\TafsilkPlatform.Web\TafsilkPlatform.Web.csproj]

Build FAILED.

C:\Users\ahmed\source\repos\AhmedTyson\Tafsilk\TafsilkPlatform\TafsilkPlatform.Web\Areas\Tailor\Controllers\TailorManagementController.cs(1197,43): error CS1002: ; expected [C:\Users\ahmed\source\repos\AhmedTyson\Tafsilk\TafsilkPlatform\TafsilkPlatform.Web\TafsilkPlatform.Web.csproj]
C:\Users\ahmed\source\repos\AhmedTyson\Tafsilk\TafsilkPlatform\TafsilkPlatform.Web\Areas\Tailor\Controllers\TailorManagementController.cs(1221,9): error CS1519: Invalid token 'catch' in a member declaration [C:\Users\ahmed\source\repos\AhmedTyson\Tafsilk\TafsilkPlatform\TafsilkPlatform.Web\TafsilkPlatform.Web.csproj]
C:\Users\ahmed\source\repos\AhmedTyson\Tafsilk\TafsilkPlatform\TafsilkPlatform.Web\Areas\Tailor\Controllers\TailorManagementController.cs(1221,28): error CS8124: Tuple must contain at least two elements. [C:\Users\ahmed\source\repos\AhmedTyson\Tafsilk\TafsilkPlatform\TafsilkPlatform.Web\TafsilkPlatform.Web.csproj]
C:\Users\ahmed\source\repos\AhmedTyson\Tafsilk\TafsilkPlatform\TafsilkPlatform.Web\Areas\Tailor\Controllers\TailorManagementController.cs(1222,9): error CS1519: Invalid token '{' in a member declaration [C:\Users\ahmed\source\repos\AhmedTyson\Tafsilk\TafsilkPlatform\TafsilkPlatform.Web\TafsilkPlatform.Web.csproj]
C:\Users\ahmed\source\repos\AhmedTyson\Tafsilk\TafsilkPlatform\TafsilkPlatform.Web\Areas\Tailor\Controllers\TailorManagementController.cs(1223,29): error CS1519: Invalid token '(' in a member declaration [C:\Users\ahmed\source\repos\AhmedTyson\Tafsilk\TafsilkPlatform\TafsilkPlatform.Web\TafsilkPlatform.Web.csproj]
C:\Users\ahmed\source\repos\AhmedTyson\Tafsilk\TafsilkPlatform\TafsilkPlatform.Web\Areas\Tailor\Controllers\TailorManagementController.cs(1223,34): error CS1031: Type expected [C:\Users\ahmed\source\repos\AhmedTyson\Tafsilk\TafsilkPlatform\TafsilkPlatform.Web\TafsilkPlatform.Web.csproj]
C:\Users\ahmed\source\repos\AhmedTyson\Tafsilk\TafsilkPlatform\TafsilkPlatform.Web\Areas\Tailor\Controllers\TailorManagementController.cs(1223,34): error CS1026: ) expected [C:\Users\ahmed\source\repos\AhmedTyson\Tafsilk\TafsilkPlatform\TafsilkPlatform.Web\TafsilkPlatform.Web.csproj]
C:\Users\ahmed\source\repos\AhmedTyson\Tafsilk\TafsilkPlatform\TafsilkPlatform.Web\Areas\Tailor\Controllers\TailorManagementController.cs(1223,34): error CS1519: Invalid token '"Error updating product"' in a member declaration [C:\Users\ahmed\source\repos\AhmedTyson\Tafsilk\TafsilkPlatform\TafsilkPlatform.Web\TafsilkPlatform.Web.csproj]
C:\Users\ahmed\source\repos\AhmedTyson\Tafsilk\TafsilkPlatform\TafsilkPlatform.Web\Areas\Tailor\Controllers\TailorManagementController.cs(1224,37): error CS1519: Invalid token '(' in a member declaration [C:\Users\ahmed\source\repos\AhmedTyson\Tafsilk\TafsilkPlatform\TafsilkPlatform.Web\TafsilkPlatform.Web.csproj]
C:\Users\ahmed\source\repos\AhmedTyson\Tafsilk\TafsilkPlatform\TafsilkPlatform.Web\Areas\Tailor\Controllers\TailorManagementController.cs(1224,38): error CS1031: Type expected [C:\Users\ahmed\source\repos\AhmedTyson\Tafsilk\TafsilkPlatform\TafsilkPlatform.Web\TafsilkPlatform.Web.csproj]
C:\Users\ahmed\source\repos\AhmedTyson\Tafsilk\TafsilkPlatform\TafsilkPlatform.Web\Areas\Tailor\Controllers\TailorManagementController.cs(1224,38): error CS8124: Tuple must contain at least two elements. [C:\Users\ahmed\source\repos\AhmedTyson\Tafsilk\TafsilkPlatform\TafsilkPlatform.Web\TafsilkPlatform.Web.csproj]
C:\Users\ahmed\source\repos\AhmedTyson\Tafsilk\TafsilkPlatform\TafsilkPlatform.Web\Areas\Tailor\Controllers\TailorManagementController.cs(1224,38): error CS1026: ) expected [C:\Users\ahmed\source\repos\AhmedTyson\Tafsilk\TafsilkPlatform\TafsilkPlatform.Web\TafsilkPlatform.Web.csproj]
C:\Users\ahmed\source\repos\AhmedTyson\Tafsilk\TafsilkPlatform\TafsilkPlatform.Web\Areas\Tailor\Controllers\TailorManagementController.cs(1224,38): error CS1519: Invalid token '""' in a member declaration [C:\Users\ahmed\source\repos\AhmedTyson\Tafsilk\TafsilkPlatform\TafsilkPlatform.Web\TafsilkPlatform.Web.csproj]
C:\Users\ahmed\source\repos\AhmedTyson\Tafsilk\TafsilkPlatform\TafsilkPlatform.Web\Areas\Tailor\Controllers\TailorManagementController.cs(1225,40): error CS1001: Identifier expected [C:\Users\ahmed\source\repos\AhmedTyson\Tafsilk\TafsilkPlatform\TafsilkPlatform.Web\TafsilkPlatform.Web.csproj]
C:\Users\ahmed\source\repos\AhmedTyson\Tafsilk\TafsilkPlatform\TafsilkPlatform.Web\Areas\Tailor\Controllers\TailorManagementController.cs(1226,13): error CS1519: Invalid token 'return' in a member declaration [C:\Users\ahmed\source\repos\AhmedTyson\Tafsilk\TafsilkPlatform\TafsilkPlatform.Web\TafsilkPlatform.Web.csproj]
C:\Users\ahmed\source\repos\AhmedTyson\Tafsilk\TafsilkPlatform\TafsilkPlatform.Web\Areas\Tailor\Controllers\TailorManagementController.cs(1226,30): error CS1001: Identifier expected [C:\Users\ahmed\source\repos\AhmedTyson\Tafsilk\TafsilkPlatform\TafsilkPlatform.Web\TafsilkPlatform.Web.csproj]
C:\Users\ahmed\source\repos\AhmedTyson\Tafsilk\TafsilkPlatform\TafsilkPlatform.Web\Areas\Tailor\Controllers\TailorManagementController.cs(1228,5): error CS1022: Type or namespace definition, or end-of-file expected [C:\Users\ahmed\source\repos\AhmedTyson\Tafsilk\TafsilkPlatform\TafsilkPlatform.Web\TafsilkPlatform.Web.csproj]
C:\Users\ahmed\source\repos\AhmedTyson\Tafsilk\TafsilkPlatform\TafsilkPlatform.Web\Areas\Tailor\Controllers\TailorManagementController.cs(1234,5): error CS8803: Top-level statements must precede namespace and type declarations. [C:\Users\ahmed\source\repos\AhmedTyson\Tafsilk\TafsilkPlatform\TafsilkPlatform.Web\TafsilkPlatform.Web.csproj]
C:\Users\ahmed\source\repos\AhmedTyson\Tafsilk\TafsilkPlatform\TafsilkPlatform.Web\Areas\Tailor\Controllers\TailorManagementController.cs(1236,5): error CS0106: The modifier 'public' is not valid for this item [C:\Users\ahmed\source\repos\AhmedTyson\Tafsilk\TafsilkPlatform\TafsilkPlatform.Web\TafsilkPlatform.Web.csproj]
C:\Users\ahmed\source\repos\AhmedTyson\Tafsilk\TafsilkPlatform\TafsilkPlatform.Web\Areas\Tailor\Controllers\TailorManagementController.cs(1289,5): error CS0106: The modifier 'public' is not valid for this item [C:\Users\ahmed\source\repos\AhmedTyson\Tafsilk\TafsilkPlatform\TafsilkPlatform.Web\TafsilkPlatform.Web.csproj]
C:\Users\ahmed\source\repos\AhmedTyson\Tafsilk\TafsilkPlatform\TafsilkPlatform.Web\Areas\Tailor\Controllers\TailorManagementController.cs(1324,5): error CS0106: The modifier 'public' is not valid for this item [C:\Users\ahmed\source\repos\AhmedTyson\Tafsilk\TafsilkPlatform\TafsilkPlatform.Web\TafsilkPlatform.Web.csproj]
C:\Users\ahmed\source\repos\AhmedTyson\Tafsilk\TafsilkPlatform\TafsilkPlatform.Web\Areas\Tailor\Controllers\TailorManagementController.cs(1369,5): error CS0106: The modifier 'public' is not valid for this item [C:\Users\ahmed\source\repos\AhmedTyson\Tafsilk\TafsilkPlatform\TafsilkPlatform.Web\TafsilkPlatform.Web.csproj]
C:\Users\ahmed\source\repos\AhmedTyson\Tafsilk\TafsilkPlatform\TafsilkPlatform.Web\Areas\Tailor\Controllers\TailorManagementController.cs(1409,5): error CS0106: The modifier 'public' is not valid for this item [C:\Users\ahmed\source\repos\AhmedTyson\Tafsilk\TafsilkPlatform\TafsilkPlatform.Web\TafsilkPlatform.Web.csproj]
C:\Users\ahmed\source\repos\AhmedTyson\Tafsilk\TafsilkPlatform\TafsilkPlatform.Web\Areas\Tailor\Controllers\TailorManagementController.cs(1418,5): error CS0106: The modifier 'private' is not valid for this item [C:\Users\ahmed\source\repos\AhmedTyson\Tafsilk\TafsilkPlatform\TafsilkPlatform.Web\TafsilkPlatform.Web.csproj]
C:\Users\ahmed\source\repos\AhmedTyson\Tafsilk\TafsilkPlatform\TafsilkPlatform.Web\Areas\Tailor\Controllers\TailorManagementController.cs(1429,5): error CS0106: The modifier 'private' is not valid for this item [C:\Users\ahmed\source\repos\AhmedTyson\Tafsilk\TafsilkPlatform\TafsilkPlatform.Web\TafsilkPlatform.Web.csproj]
C:\Users\ahmed\source\repos\AhmedTyson\Tafsilk\TafsilkPlatform\TafsilkPlatform.Web\Areas\Tailor\Controllers\TailorManagementController.cs(1442,5): error CS0106: The modifier 'private' is not valid for this item [C:\Users\ahmed\source\repos\AhmedTyson\Tafsilk\TafsilkPlatform\TafsilkPlatform.Web\TafsilkPlatform.Web.csproj]
C:\Users\ahmed\source\repos\AhmedTyson\Tafsilk\TafsilkPlatform\TafsilkPlatform.Web\Areas\Tailor\Controllers\TailorManagementController.cs(1462,5): error CS0106: The modifier 'private' is not valid for this item [C:\Users\ahmed\source\repos\AhmedTyson\Tafsilk\TafsilkPlatform\TafsilkPlatform.Web\TafsilkPlatform.Web.csproj]
C:\Users\ahmed\source\repos\AhmedTyson\Tafsilk\TafsilkPlatform\TafsilkPlatform.Web\Areas\Tailor\Controllers\TailorManagementController.cs(1477,5): error CS0106: The modifier 'private' is not valid for this item [C:\Users\ahmed\source\repos\AhmedTyson\Tafsilk\TafsilkPlatform\TafsilkPlatform.Web\TafsilkPlatform.Web.csproj]
C:\Users\ahmed\source\repos\AhmedTyson\Tafsilk\TafsilkPlatform\TafsilkPlatform.Web\Areas\Tailor\Controllers\TailorManagementController.cs(1492,5): error CS0106: The modifier 'private' is not valid for this item [C:\Users\ahmed\source\repos\AhmedTyson\Tafsilk\TafsilkPlatform\TafsilkPlatform.Web\TafsilkPlatform.Web.csproj]
C:\Users\ahmed\source\repos\AhmedTyson\Tafsilk\TafsilkPlatform\TafsilkPlatform.Web\Areas\Tailor\Controllers\TailorManagementController.cs(1509,5): error CS0106: The modifier 'private' is not valid for this item [C:\Users\ahmed\source\repos\AhmedTyson\Tafsilk\TafsilkPlatform\TafsilkPlatform.Web\TafsilkPlatform.Web.csproj]
C:\Users\ahmed\source\repos\AhmedTyson\Tafsilk\TafsilkPlatform\TafsilkPlatform.Web\Areas\Tailor\Controllers\TailorManagementController.cs(1533,5): error CS0106: The modifier 'private' is not valid for this item [C:\Users\ahmed\source\repos\AhmedTyson\Tafsilk\TafsilkPlatform\TafsilkPlatform.Web\TafsilkPlatform.Web.csproj]
C:\Users\ahmed\source\repos\AhmedTyson\Tafsilk\TafsilkPlatform\TafsilkPlatform.Web\Areas\Tailor\Controllers\TailorManagementController.cs(1545,5): error CS0106: The modifier 'private' is not valid for this item [C:\Users\ahmed\source\repos\AhmedTyson\Tafsilk\TafsilkPlatform\TafsilkPlatform.Web\TafsilkPlatform.Web.csproj]
C:\Users\ahmed\source\repos\AhmedTyson\Tafsilk\TafsilkPlatform\TafsilkPlatform.Web\Areas\Tailor\Controllers\TailorManagementController.cs(1572,5): error CS0106: The modifier 'private' is not valid for this item [C:\Users\ahmed\source\repos\AhmedTyson\Tafsilk\TafsilkPlatform\TafsilkPlatform.Web\TafsilkPlatform.Web.csproj]
C:\Users\ahmed\source\repos\AhmedTyson\Tafsilk\TafsilkPlatform\TafsilkPlatform.Web\Areas\Tailor\Controllers\TailorManagementController.cs(1608,5): error CS0106: The modifier 'private' is not valid for this item [C:\Users\ahmed\source\repos\AhmedTyson\Tafsilk\TafsilkPlatform\TafsilkPlatform.Web\TafsilkPlatform.Web.csproj]
C:\Users\ahmed\source\repos\AhmedTyson\Tafsilk\TafsilkPlatform\TafsilkPlatform.Web\Areas\Tailor\Controllers\TailorManagementController.cs(1656,5): error CS0106: The modifier 'private' is not valid for this item [C:\Users\ahmed\source\repos\AhmedTyson\Tafsilk\TafsilkPlatform\TafsilkPlatform.Web\TafsilkPlatform.Web.csproj]
C:\Users\ahmed\source\repos\AhmedTyson\Tafsilk\TafsilkPlatform\TafsilkPlatform.Web\Areas\Tailor\Controllers\TailorManagementController.cs(1717,5): error CS0106: The modifier 'private' is not valid for this item [C:\Users\ahmed\source\repos\AhmedTyson\Tafsilk\TafsilkPlatform\TafsilkPlatform.Web\TafsilkPlatform.Web.csproj]
C:\Users\ahmed\source\repos\AhmedTyson\Tafsilk\TafsilkPlatform\TafsilkPlatform.Web\Areas\Tailor\Controllers\TailorManagementController.cs(1749,5): error CS0106: The modifier 'private' is not valid for this item [C:\Users\ahmed\source\repos\AhmedTyson\Tafsilk\TafsilkPlatform\TafsilkPlatform.Web\TafsilkPlatform.Web.csproj]
C:\Users\ahmed\source\repos\AhmedTyson\Tafsilk\TafsilkPlatform\TafsilkPlatform.Web\Areas\Tailor\Controllers\TailorManagementController.cs(1764,1): error CS1022: Type or namespace definition, or end-of-file expected [C:\Users\ahmed\source\repos\AhmedTyson\Tafsilk\TafsilkPlatform\TafsilkPlatform.Web\TafsilkPlatform.Web.csproj]
    0 Warning(s)
    38 Error(s)

Time Elapsed 00:00:04.56
